<?xml version="1.0" encoding="UTF-8"?>
<testsuite xmlns:xsi="http://www.w3.org/2001/XMLSchema-instance" xsi:noNamespaceSchemaLocation="https://maven.apache.org/surefire/maven-surefire-plugin/xsd/surefire-test-report-3.0.xsd" version="3.0" name="com.vattima.lego.imaging.service.flickr.ImageManagerImplTest" time="0.032" tests="6" errors="0" skipped="0" failures="0">
  <properties>
    <property name="java.specification.version" value="21"/>
    <property name="sun.cpu.isalist" value="amd64"/>
    <property name="sun.jnu.encoding" value="Cp1252"/>
    <property name="java.class.path" value="D:\dev\projects\lego-collection\lego-imaging\target\test-classes;D:\dev\projects\lego-collection\lego-imaging\target\classes;C:\Users\tvatt\.m2\repository\com\bricklink\data\bricklink-data\1.2.1-SNAPSHOT\bricklink-data-1.2.1-SNAPSHOT.jar;C:\Users\tvatt\.m2\repository\org\mybatis\spring\boot\mybatis-spring-boot-starter\3.0.3\mybatis-spring-boot-starter-3.0.3.jar;C:\Users\tvatt\.m2\repository\org\springframework\boot\spring-boot-starter-jdbc\3.2.1\spring-boot-starter-jdbc-3.2.1.jar;C:\Users\tvatt\.m2\repository\org\springframework\spring-jdbc\6.1.2\spring-jdbc-6.1.2.jar;C:\Users\tvatt\.m2\repository\org\springframework\spring-tx\6.1.2\spring-tx-6.1.2.jar;C:\Users\tvatt\.m2\repository\org\mybatis\spring\boot\mybatis-spring-boot-autoconfigure\3.0.3\mybatis-spring-boot-autoconfigure-3.0.3.jar;C:\Users\tvatt\.m2\repository\org\mybatis\mybatis\3.5.14\mybatis-3.5.14.jar;C:\Users\tvatt\.m2\repository\org\mybatis\mybatis-spring\3.0.3\mybatis-spring-3.0.3.jar;C:\Users\tvatt\.m2\repository\com\mysql\mysql-connector-j\8.1.0\mysql-connector-j-8.1.0.jar;C:\Users\tvatt\.m2\repository\com\fasterxml\jackson\datatype\jackson-datatype-jdk8\2.15.3\jackson-datatype-jdk8-2.15.3.jar;C:\Users\tvatt\.m2\repository\com\zaxxer\HikariCP\5.0.1\HikariCP-5.0.1.jar;C:\Users\tvatt\.m2\repository\com\h2database\h2\2.2.224\h2-2.2.224.jar;C:\Users\tvatt\.m2\repository\org\springframework\boot\spring-boot-starter\3.2.1\spring-boot-starter-3.2.1.jar;C:\Users\tvatt\.m2\repository\org\springframework\boot\spring-boot\3.2.1\spring-boot-3.2.1.jar;C:\Users\tvatt\.m2\repository\org\springframework\spring-context\6.1.2\spring-context-6.1.2.jar;C:\Users\tvatt\.m2\repository\org\springframework\spring-aop\6.1.2\spring-aop-6.1.2.jar;C:\Users\tvatt\.m2\repository\org\springframework\spring-beans\6.1.2\spring-beans-6.1.2.jar;C:\Users\tvatt\.m2\repository\org\springframework\spring-expression\6.1.2\spring-expression-6.1.2.jar;C:\Users\tvatt\.m2\repository\io\micrometer\micrometer-observation\1.12.1\micrometer-observation-1.12.1.jar;C:\Users\tvatt\.m2\repository\io\micrometer\micrometer-commons\1.12.1\micrometer-commons-1.12.1.jar;C:\Users\tvatt\.m2\repository\org\springframework\boot\spring-boot-autoconfigure\3.2.1\spring-boot-autoconfigure-3.2.1.jar;C:\Users\tvatt\.m2\repository\org\springframework\boot\spring-boot-starter-logging\3.2.1\spring-boot-starter-logging-3.2.1.jar;C:\Users\tvatt\.m2\repository\ch\qos\logback\logback-classic\1.4.14\logback-classic-1.4.14.jar;C:\Users\tvatt\.m2\repository\ch\qos\logback\logback-core\1.4.14\logback-core-1.4.14.jar;C:\Users\tvatt\.m2\repository\org\apache\logging\log4j\log4j-to-slf4j\2.21.1\log4j-to-slf4j-2.21.1.jar;C:\Users\tvatt\.m2\repository\org\apache\logging\log4j\log4j-api\2.21.1\log4j-api-2.21.1.jar;C:\Users\tvatt\.m2\repository\org\slf4j\jul-to-slf4j\2.0.9\jul-to-slf4j-2.0.9.jar;C:\Users\tvatt\.m2\repository\jakarta\annotation\jakarta.annotation-api\2.1.1\jakarta.annotation-api-2.1.1.jar;C:\Users\tvatt\.m2\repository\org\springframework\spring-core\6.1.2\spring-core-6.1.2.jar;C:\Users\tvatt\.m2\repository\org\springframework\spring-jcl\6.1.2\spring-jcl-6.1.2.jar;C:\Users\tvatt\.m2\repository\org\yaml\snakeyaml\2.2\snakeyaml-2.2.jar;C:\Users\tvatt\.m2\repository\org\hibernate\validator\hibernate-validator\6.0.23.Final\hibernate-validator-6.0.23.Final.jar;C:\Users\tvatt\.m2\repository\javax\validation\validation-api\2.0.1.Final\validation-api-2.0.1.Final.jar;C:\Users\tvatt\.m2\repository\org\jboss\logging\jboss-logging\3.5.3.Final\jboss-logging-3.5.3.Final.jar;C:\Users\tvatt\.m2\repository\com\fasterxml\classmate\1.6.0\classmate-1.6.0.jar;C:\Users\tvatt\.m2\repository\com\github\mike10004\commons-imaging\1.0a1\commons-imaging-1.0a1.jar;C:\Users\tvatt\.m2\repository\io\github\openfeign\feign-okhttp\10.12\feign-okhttp-10.12.jar;C:\Users\tvatt\.m2\repository\io\github\openfeign\feign-core\10.12\feign-core-10.12.jar;C:\Users\tvatt\.m2\repository\com\squareup\okhttp3\okhttp\4.12.0\okhttp-4.12.0.jar;C:\Users\tvatt\.m2\repository\com\squareup\okio\okio\3.6.0\okio-3.6.0.jar;C:\Users\tvatt\.m2\repository\com\squareup\okio\okio-jvm\3.6.0\okio-jvm-3.6.0.jar;C:\Users\tvatt\.m2\repository\org\jetbrains\kotlin\kotlin-stdlib-common\1.9.21\kotlin-stdlib-common-1.9.21.jar;C:\Users\tvatt\.m2\repository\org\jetbrains\kotlin\kotlin-stdlib-jdk8\1.9.21\kotlin-stdlib-jdk8-1.9.21.jar;C:\Users\tvatt\.m2\repository\org\jetbrains\kotlin\kotlin-stdlib\1.9.21\kotlin-stdlib-1.9.21.jar;C:\Users\tvatt\.m2\repository\org\jetbrains\annotations\13.0\annotations-13.0.jar;C:\Users\tvatt\.m2\repository\org\jetbrains\kotlin\kotlin-stdlib-jdk7\1.9.21\kotlin-stdlib-jdk7-1.9.21.jar;C:\Users\tvatt\.m2\repository\io\github\openfeign\feign-httpclient\10.12\feign-httpclient-10.12.jar;C:\Users\tvatt\.m2\repository\org\apache\httpcomponents\httpclient\4.5.13\httpclient-4.5.13.jar;C:\Users\tvatt\.m2\repository\org\apache\httpcomponents\httpcore\4.4.16\httpcore-4.4.16.jar;C:\Users\tvatt\.m2\repository\commons-logging\commons-logging\1.2\commons-logging-1.2.jar;C:\Users\tvatt\.m2\repository\commons-codec\commons-codec\1.16.0\commons-codec-1.16.0.jar;C:\Users\tvatt\.m2\repository\io\github\openfeign\feign-jackson\10.12\feign-jackson-10.12.jar;C:\Users\tvatt\.m2\repository\com\fasterxml\jackson\core\jackson-databind\2.15.3\jackson-databind-2.15.3.jar;C:\Users\tvatt\.m2\repository\io\github\openfeign\feign-slf4j\10.12\feign-slf4j-10.12.jar;C:\Users\tvatt\.m2\repository\org\slf4j\slf4j-api\2.0.9\slf4j-api-2.0.9.jar;C:\Users\tvatt\.m2\repository\org\imgscalr\imgscalr-lib\4.1\imgscalr-lib-4.1.jar;C:\Users\tvatt\.m2\repository\com\flickr4java\flickr4java\3.0.1\flickr4java-3.0.1.jar;C:\Users\tvatt\.m2\repository\com\github\scribejava\scribejava-apis\6.2.0\scribejava-apis-6.2.0.jar;C:\Users\tvatt\.m2\repository\com\github\scribejava\scribejava-core\6.2.0\scribejava-core-6.2.0.jar;C:\Users\tvatt\.m2\repository\com\fasterxml\jackson\datatype\jackson-datatype-jsr310\2.15.3\jackson-datatype-jsr310-2.15.3.jar;C:\Users\tvatt\.m2\repository\com\fasterxml\jackson\core\jackson-annotations\2.15.3\jackson-annotations-2.15.3.jar;C:\Users\tvatt\.m2\repository\com\fasterxml\jackson\core\jackson-core\2.15.3\jackson-core-2.15.3.jar;C:\Users\tvatt\.m2\repository\org\projectlombok\lombok\1.18.30\lombok-1.18.30.jar;C:\Users\tvatt\.m2\repository\org\springframework\boot\spring-boot-configuration-processor\3.2.1\spring-boot-configuration-processor-3.2.1.jar;C:\Users\tvatt\.m2\repository\org\springframework\boot\spring-boot-starter-test\3.2.1\spring-boot-starter-test-3.2.1.jar;C:\Users\tvatt\.m2\repository\org\springframework\boot\spring-boot-test\3.2.1\spring-boot-test-3.2.1.jar;C:\Users\tvatt\.m2\repository\org\springframework\boot\spring-boot-test-autoconfigure\3.2.1\spring-boot-test-autoconfigure-3.2.1.jar;C:\Users\tvatt\.m2\repository\com\jayway\jsonpath\json-path\2.8.0\json-path-2.8.0.jar;C:\Users\tvatt\.m2\repository\jakarta\xml\bind\jakarta.xml.bind-api\4.0.1\jakarta.xml.bind-api-4.0.1.jar;C:\Users\tvatt\.m2\repository\jakarta\activation\jakarta.activation-api\2.1.2\jakarta.activation-api-2.1.2.jar;C:\Users\tvatt\.m2\repository\net\minidev\json-smart\2.5.0\json-smart-2.5.0.jar;C:\Users\tvatt\.m2\repository\net\minidev\accessors-smart\2.5.0\accessors-smart-2.5.0.jar;C:\Users\tvatt\.m2\repository\org\ow2\asm\asm\9.3\asm-9.3.jar;C:\Users\tvatt\.m2\repository\org\awaitility\awaitility\4.2.0\awaitility-4.2.0.jar;C:\Users\tvatt\.m2\repository\org\hamcrest\hamcrest\2.2\hamcrest-2.2.jar;C:\Users\tvatt\.m2\repository\org\junit\jupiter\junit-jupiter\5.10.1\junit-jupiter-5.10.1.jar;C:\Users\tvatt\.m2\repository\org\junit\jupiter\junit-jupiter-api\5.10.1\junit-jupiter-api-5.10.1.jar;C:\Users\tvatt\.m2\repository\org\opentest4j\opentest4j\1.3.0\opentest4j-1.3.0.jar;C:\Users\tvatt\.m2\repository\org\junit\platform\junit-platform-commons\1.10.1\junit-platform-commons-1.10.1.jar;C:\Users\tvatt\.m2\repository\org\apiguardian\apiguardian-api\1.1.2\apiguardian-api-1.1.2.jar;C:\Users\tvatt\.m2\repository\org\junit\jupiter\junit-jupiter-params\5.10.1\junit-jupiter-params-5.10.1.jar;C:\Users\tvatt\.m2\repository\org\junit\jupiter\junit-jupiter-engine\5.10.1\junit-jupiter-engine-5.10.1.jar;C:\Users\tvatt\.m2\repository\org\junit\platform\junit-platform-engine\1.10.1\junit-platform-engine-1.10.1.jar;C:\Users\tvatt\.m2\repository\org\mockito\mockito-core\5.7.0\mockito-core-5.7.0.jar;C:\Users\tvatt\.m2\repository\net\bytebuddy\byte-buddy-agent\1.14.10\byte-buddy-agent-1.14.10.jar;C:\Users\tvatt\.m2\repository\org\objenesis\objenesis\3.3\objenesis-3.3.jar;C:\Users\tvatt\.m2\repository\org\mockito\mockito-junit-jupiter\5.7.0\mockito-junit-jupiter-5.7.0.jar;C:\Users\tvatt\.m2\repository\org\skyscreamer\jsonassert\1.5.1\jsonassert-1.5.1.jar;C:\Users\tvatt\.m2\repository\com\vaadin\external\google\android-json\0.0.20131108.vaadin1\android-json-0.0.20131108.vaadin1.jar;C:\Users\tvatt\.m2\repository\org\springframework\spring-test\6.1.2\spring-test-6.1.2.jar;C:\Users\tvatt\.m2\repository\org\xmlunit\xmlunit-core\2.9.1\xmlunit-core-2.9.1.jar;C:\Users\tvatt\.m2\repository\org\assertj\assertj-core\3.24.2\assertj-core-3.24.2.jar;C:\Users\tvatt\.m2\repository\net\bytebuddy\byte-buddy\1.14.10\byte-buddy-1.14.10.jar;C:\Users\tvatt\.m2\repository\org\glassfish\jaxb\jaxb-runtime\4.0.4\jaxb-runtime-4.0.4.jar;C:\Users\tvatt\.m2\repository\org\glassfish\jaxb\jaxb-core\4.0.4\jaxb-core-4.0.4.jar;C:\Users\tvatt\.m2\repository\org\eclipse\angus\angus-activation\2.0.1\angus-activation-2.0.1.jar;C:\Users\tvatt\.m2\repository\org\glassfish\jaxb\txw2\4.0.4\txw2-4.0.4.jar;C:\Users\tvatt\.m2\repository\com\sun\istack\istack-commons-runtime\4.1.2\istack-commons-runtime-4.1.2.jar;"/>
    <property name="java.vm.vendor" value="Oracle Corporation"/>
    <property name="sun.arch.data.model" value="64"/>
    <property name="user.variant" value=""/>
    <property name="java.vendor.url" value="https://java.oracle.com/"/>
    <property name="user.timezone" value="America/New_York"/>
    <property name="os.name" value="Windows 11"/>
    <property name="java.vm.specification.version" value="21"/>
    <property name="sun.java.launcher" value="SUN_STANDARD"/>
    <property name="user.country" value="US"/>
    <property name="sun.boot.library.path" value="C:\Program Files\OpenJDK\jdk-21.0.2\bin"/>
    <property name="sun.java.command" value="C:\Users\tvatt\AppData\Local\Temp\surefire14316896728320944035\surefirebooter-20240908222234448_3.jar C:\Users\tvatt\AppData\Local\Temp\surefire14316896728320944035 2024-09-08T22-22-34_355-jvmRun1 surefire-20240908222234448_1tmp surefire_0-20240908222234448_2tmp"/>
    <property name="jdk.debug" value="release"/>
    <property name="surefire.test.class.path" value="D:\dev\projects\lego-collection\lego-imaging\target\test-classes;D:\dev\projects\lego-collection\lego-imaging\target\classes;C:\Users\tvatt\.m2\repository\com\bricklink\data\bricklink-data\1.2.1-SNAPSHOT\bricklink-data-1.2.1-SNAPSHOT.jar;C:\Users\tvatt\.m2\repository\org\mybatis\spring\boot\mybatis-spring-boot-starter\3.0.3\mybatis-spring-boot-starter-3.0.3.jar;C:\Users\tvatt\.m2\repository\org\springframework\boot\spring-boot-starter-jdbc\3.2.1\spring-boot-starter-jdbc-3.2.1.jar;C:\Users\tvatt\.m2\repository\org\springframework\spring-jdbc\6.1.2\spring-jdbc-6.1.2.jar;C:\Users\tvatt\.m2\repository\org\springframework\spring-tx\6.1.2\spring-tx-6.1.2.jar;C:\Users\tvatt\.m2\repository\org\mybatis\spring\boot\mybatis-spring-boot-autoconfigure\3.0.3\mybatis-spring-boot-autoconfigure-3.0.3.jar;C:\Users\tvatt\.m2\repository\org\mybatis\mybatis\3.5.14\mybatis-3.5.14.jar;C:\Users\tvatt\.m2\repository\org\mybatis\mybatis-spring\3.0.3\mybatis-spring-3.0.3.jar;C:\Users\tvatt\.m2\repository\com\mysql\mysql-connector-j\8.1.0\mysql-connector-j-8.1.0.jar;C:\Users\tvatt\.m2\repository\com\fasterxml\jackson\datatype\jackson-datatype-jdk8\2.15.3\jackson-datatype-jdk8-2.15.3.jar;C:\Users\tvatt\.m2\repository\com\zaxxer\HikariCP\5.0.1\HikariCP-5.0.1.jar;C:\Users\tvatt\.m2\repository\com\h2database\h2\2.2.224\h2-2.2.224.jar;C:\Users\tvatt\.m2\repository\org\springframework\boot\spring-boot-starter\3.2.1\spring-boot-starter-3.2.1.jar;C:\Users\tvatt\.m2\repository\org\springframework\boot\spring-boot\3.2.1\spring-boot-3.2.1.jar;C:\Users\tvatt\.m2\repository\org\springframework\spring-context\6.1.2\spring-context-6.1.2.jar;C:\Users\tvatt\.m2\repository\org\springframework\spring-aop\6.1.2\spring-aop-6.1.2.jar;C:\Users\tvatt\.m2\repository\org\springframework\spring-beans\6.1.2\spring-beans-6.1.2.jar;C:\Users\tvatt\.m2\repository\org\springframework\spring-expression\6.1.2\spring-expression-6.1.2.jar;C:\Users\tvatt\.m2\repository\io\micrometer\micrometer-observation\1.12.1\micrometer-observation-1.12.1.jar;C:\Users\tvatt\.m2\repository\io\micrometer\micrometer-commons\1.12.1\micrometer-commons-1.12.1.jar;C:\Users\tvatt\.m2\repository\org\springframework\boot\spring-boot-autoconfigure\3.2.1\spring-boot-autoconfigure-3.2.1.jar;C:\Users\tvatt\.m2\repository\org\springframework\boot\spring-boot-starter-logging\3.2.1\spring-boot-starter-logging-3.2.1.jar;C:\Users\tvatt\.m2\repository\ch\qos\logback\logback-classic\1.4.14\logback-classic-1.4.14.jar;C:\Users\tvatt\.m2\repository\ch\qos\logback\logback-core\1.4.14\logback-core-1.4.14.jar;C:\Users\tvatt\.m2\repository\org\apache\logging\log4j\log4j-to-slf4j\2.21.1\log4j-to-slf4j-2.21.1.jar;C:\Users\tvatt\.m2\repository\org\apache\logging\log4j\log4j-api\2.21.1\log4j-api-2.21.1.jar;C:\Users\tvatt\.m2\repository\org\slf4j\jul-to-slf4j\2.0.9\jul-to-slf4j-2.0.9.jar;C:\Users\tvatt\.m2\repository\jakarta\annotation\jakarta.annotation-api\2.1.1\jakarta.annotation-api-2.1.1.jar;C:\Users\tvatt\.m2\repository\org\springframework\spring-core\6.1.2\spring-core-6.1.2.jar;C:\Users\tvatt\.m2\repository\org\springframework\spring-jcl\6.1.2\spring-jcl-6.1.2.jar;C:\Users\tvatt\.m2\repository\org\yaml\snakeyaml\2.2\snakeyaml-2.2.jar;C:\Users\tvatt\.m2\repository\org\hibernate\validator\hibernate-validator\6.0.23.Final\hibernate-validator-6.0.23.Final.jar;C:\Users\tvatt\.m2\repository\javax\validation\validation-api\2.0.1.Final\validation-api-2.0.1.Final.jar;C:\Users\tvatt\.m2\repository\org\jboss\logging\jboss-logging\3.5.3.Final\jboss-logging-3.5.3.Final.jar;C:\Users\tvatt\.m2\repository\com\fasterxml\classmate\1.6.0\classmate-1.6.0.jar;C:\Users\tvatt\.m2\repository\com\github\mike10004\commons-imaging\1.0a1\commons-imaging-1.0a1.jar;C:\Users\tvatt\.m2\repository\io\github\openfeign\feign-okhttp\10.12\feign-okhttp-10.12.jar;C:\Users\tvatt\.m2\repository\io\github\openfeign\feign-core\10.12\feign-core-10.12.jar;C:\Users\tvatt\.m2\repository\com\squareup\okhttp3\okhttp\4.12.0\okhttp-4.12.0.jar;C:\Users\tvatt\.m2\repository\com\squareup\okio\okio\3.6.0\okio-3.6.0.jar;C:\Users\tvatt\.m2\repository\com\squareup\okio\okio-jvm\3.6.0\okio-jvm-3.6.0.jar;C:\Users\tvatt\.m2\repository\org\jetbrains\kotlin\kotlin-stdlib-common\1.9.21\kotlin-stdlib-common-1.9.21.jar;C:\Users\tvatt\.m2\repository\org\jetbrains\kotlin\kotlin-stdlib-jdk8\1.9.21\kotlin-stdlib-jdk8-1.9.21.jar;C:\Users\tvatt\.m2\repository\org\jetbrains\kotlin\kotlin-stdlib\1.9.21\kotlin-stdlib-1.9.21.jar;C:\Users\tvatt\.m2\repository\org\jetbrains\annotations\13.0\annotations-13.0.jar;C:\Users\tvatt\.m2\repository\org\jetbrains\kotlin\kotlin-stdlib-jdk7\1.9.21\kotlin-stdlib-jdk7-1.9.21.jar;C:\Users\tvatt\.m2\repository\io\github\openfeign\feign-httpclient\10.12\feign-httpclient-10.12.jar;C:\Users\tvatt\.m2\repository\org\apache\httpcomponents\httpclient\4.5.13\httpclient-4.5.13.jar;C:\Users\tvatt\.m2\repository\org\apache\httpcomponents\httpcore\4.4.16\httpcore-4.4.16.jar;C:\Users\tvatt\.m2\repository\commons-logging\commons-logging\1.2\commons-logging-1.2.jar;C:\Users\tvatt\.m2\repository\commons-codec\commons-codec\1.16.0\commons-codec-1.16.0.jar;C:\Users\tvatt\.m2\repository\io\github\openfeign\feign-jackson\10.12\feign-jackson-10.12.jar;C:\Users\tvatt\.m2\repository\com\fasterxml\jackson\core\jackson-databind\2.15.3\jackson-databind-2.15.3.jar;C:\Users\tvatt\.m2\repository\io\github\openfeign\feign-slf4j\10.12\feign-slf4j-10.12.jar;C:\Users\tvatt\.m2\repository\org\slf4j\slf4j-api\2.0.9\slf4j-api-2.0.9.jar;C:\Users\tvatt\.m2\repository\org\imgscalr\imgscalr-lib\4.1\imgscalr-lib-4.1.jar;C:\Users\tvatt\.m2\repository\com\flickr4java\flickr4java\3.0.1\flickr4java-3.0.1.jar;C:\Users\tvatt\.m2\repository\com\github\scribejava\scribejava-apis\6.2.0\scribejava-apis-6.2.0.jar;C:\Users\tvatt\.m2\repository\com\github\scribejava\scribejava-core\6.2.0\scribejava-core-6.2.0.jar;C:\Users\tvatt\.m2\repository\com\fasterxml\jackson\datatype\jackson-datatype-jsr310\2.15.3\jackson-datatype-jsr310-2.15.3.jar;C:\Users\tvatt\.m2\repository\com\fasterxml\jackson\core\jackson-annotations\2.15.3\jackson-annotations-2.15.3.jar;C:\Users\tvatt\.m2\repository\com\fasterxml\jackson\core\jackson-core\2.15.3\jackson-core-2.15.3.jar;C:\Users\tvatt\.m2\repository\org\projectlombok\lombok\1.18.30\lombok-1.18.30.jar;C:\Users\tvatt\.m2\repository\org\springframework\boot\spring-boot-configuration-processor\3.2.1\spring-boot-configuration-processor-3.2.1.jar;C:\Users\tvatt\.m2\repository\org\springframework\boot\spring-boot-starter-test\3.2.1\spring-boot-starter-test-3.2.1.jar;C:\Users\tvatt\.m2\repository\org\springframework\boot\spring-boot-test\3.2.1\spring-boot-test-3.2.1.jar;C:\Users\tvatt\.m2\repository\org\springframework\boot\spring-boot-test-autoconfigure\3.2.1\spring-boot-test-autoconfigure-3.2.1.jar;C:\Users\tvatt\.m2\repository\com\jayway\jsonpath\json-path\2.8.0\json-path-2.8.0.jar;C:\Users\tvatt\.m2\repository\jakarta\xml\bind\jakarta.xml.bind-api\4.0.1\jakarta.xml.bind-api-4.0.1.jar;C:\Users\tvatt\.m2\repository\jakarta\activation\jakarta.activation-api\2.1.2\jakarta.activation-api-2.1.2.jar;C:\Users\tvatt\.m2\repository\net\minidev\json-smart\2.5.0\json-smart-2.5.0.jar;C:\Users\tvatt\.m2\repository\net\minidev\accessors-smart\2.5.0\accessors-smart-2.5.0.jar;C:\Users\tvatt\.m2\repository\org\ow2\asm\asm\9.3\asm-9.3.jar;C:\Users\tvatt\.m2\repository\org\awaitility\awaitility\4.2.0\awaitility-4.2.0.jar;C:\Users\tvatt\.m2\repository\org\hamcrest\hamcrest\2.2\hamcrest-2.2.jar;C:\Users\tvatt\.m2\repository\org\junit\jupiter\junit-jupiter\5.10.1\junit-jupiter-5.10.1.jar;C:\Users\tvatt\.m2\repository\org\junit\jupiter\junit-jupiter-api\5.10.1\junit-jupiter-api-5.10.1.jar;C:\Users\tvatt\.m2\repository\org\opentest4j\opentest4j\1.3.0\opentest4j-1.3.0.jar;C:\Users\tvatt\.m2\repository\org\junit\platform\junit-platform-commons\1.10.1\junit-platform-commons-1.10.1.jar;C:\Users\tvatt\.m2\repository\org\apiguardian\apiguardian-api\1.1.2\apiguardian-api-1.1.2.jar;C:\Users\tvatt\.m2\repository\org\junit\jupiter\junit-jupiter-params\5.10.1\junit-jupiter-params-5.10.1.jar;C:\Users\tvatt\.m2\repository\org\junit\jupiter\junit-jupiter-engine\5.10.1\junit-jupiter-engine-5.10.1.jar;C:\Users\tvatt\.m2\repository\org\junit\platform\junit-platform-engine\1.10.1\junit-platform-engine-1.10.1.jar;C:\Users\tvatt\.m2\repository\org\mockito\mockito-core\5.7.0\mockito-core-5.7.0.jar;C:\Users\tvatt\.m2\repository\net\bytebuddy\byte-buddy-agent\1.14.10\byte-buddy-agent-1.14.10.jar;C:\Users\tvatt\.m2\repository\org\objenesis\objenesis\3.3\objenesis-3.3.jar;C:\Users\tvatt\.m2\repository\org\mockito\mockito-junit-jupiter\5.7.0\mockito-junit-jupiter-5.7.0.jar;C:\Users\tvatt\.m2\repository\org\skyscreamer\jsonassert\1.5.1\jsonassert-1.5.1.jar;C:\Users\tvatt\.m2\repository\com\vaadin\external\google\android-json\0.0.20131108.vaadin1\android-json-0.0.20131108.vaadin1.jar;C:\Users\tvatt\.m2\repository\org\springframework\spring-test\6.1.2\spring-test-6.1.2.jar;C:\Users\tvatt\.m2\repository\org\xmlunit\xmlunit-core\2.9.1\xmlunit-core-2.9.1.jar;C:\Users\tvatt\.m2\repository\org\assertj\assertj-core\3.24.2\assertj-core-3.24.2.jar;C:\Users\tvatt\.m2\repository\net\bytebuddy\byte-buddy\1.14.10\byte-buddy-1.14.10.jar;C:\Users\tvatt\.m2\repository\org\glassfish\jaxb\jaxb-runtime\4.0.4\jaxb-runtime-4.0.4.jar;C:\Users\tvatt\.m2\repository\org\glassfish\jaxb\jaxb-core\4.0.4\jaxb-core-4.0.4.jar;C:\Users\tvatt\.m2\repository\org\eclipse\angus\angus-activation\2.0.1\angus-activation-2.0.1.jar;C:\Users\tvatt\.m2\repository\org\glassfish\jaxb\txw2\4.0.4\txw2-4.0.4.jar;C:\Users\tvatt\.m2\repository\com\sun\istack\istack-commons-runtime\4.1.2\istack-commons-runtime-4.1.2.jar;"/>
    <property name="sun.cpu.endian" value="little"/>
    <property name="user.home" value="C:\Users\tvatt"/>
    <property name="user.language" value="en"/>
    <property name="java.specification.vendor" value="Oracle Corporation"/>
    <property name="java.version.date" value="2024-01-16"/>
    <property name="java.home" value="C:\Program Files\OpenJDK\jdk-21.0.2"/>
    <property name="file.separator" value="\"/>
    <property name="basedir" value="D:\dev\projects\lego-collection\lego-imaging"/>
    <property name="java.vm.compressedOopsMode" value="Zero based"/>
    <property name="line.separator" value="&#10;"/>
    <property name="java.vm.specification.vendor" value="Oracle Corporation"/>
    <property name="java.specification.name" value="Java Platform API Specification"/>
    <property name="surefire.real.class.path" value="C:\Users\tvatt\AppData\Local\Temp\surefire14316896728320944035\surefirebooter-20240908222234448_3.jar"/>
    <property name="user.script" value=""/>
    <property name="sun.management.compiler" value="HotSpot 64-Bit Tiered Compilers"/>
    <property name="java.runtime.version" value="21.0.2+13-58"/>
    <property name="user.name" value="tvatt"/>
    <property name="stdout.encoding" value="Cp1252"/>
    <property name="path.separator" value=";"/>
    <property name="os.version" value="10.0"/>
    <property name="java.runtime.name" value="OpenJDK Runtime Environment"/>
    <property name="file.encoding" value="UTF-8"/>
    <property name="java.vm.name" value="OpenJDK 64-Bit Server VM"/>
    <property name="localRepository" value="C:\Users\tvatt\.m2\repository"/>
    <property name="java.vendor.url.bug" value="https://bugreport.java.com/bugreport/"/>
    <property name="java.io.tmpdir" value="C:\Users\tvatt\AppData\Local\Temp\"/>
    <property name="idea.version" value="2024.1.1"/>
    <property name="java.version" value="21.0.2"/>
    <property name="user.dir" value="D:\dev\projects\lego-collection\lego-imaging"/>
    <property name="os.arch" value="amd64"/>
    <property name="java.vm.specification.name" value="Java Virtual Machine Specification"/>
    <property name="sun.os.patch.level" value=""/>
    <property name="native.encoding" value="Cp1252"/>
    <property name="java.library.path" value="C:\Program Files\OpenJDK\jdk-21.0.2\bin;C:\Windows\Sun\Java\bin;C:\Windows\system32;C:\Windows;C:\Program Files (x86)\Common Files\Intel\Shared Libraries\redist\intel64\compiler;C:\Windows\system32;C:\Windows;C:\Windows\System32\Wbem;C:\Windows\System32\WindowsPowerShell\v1.0\;C:\Windows\System32\OpenSSH\;C:\Program Files (x86)\NVIDIA Corporation\PhysX\Common;C:\ProgramData\chocolatey\bin;C:\Program Files (x86)\Common Files\Acronis\VirtualFile\;C:\Program Files (x86)\Common Files\Acronis\VirtualFile64\;C:\Program Files (x86)\Common Files\Acronis\FileProtector\;C:\Program Files (x86)\Common Files\Acronis\FileProtector64\;C:\Program Files (x86)\Common Files\Acronis\SnapAPI\;C:\Program Files\RedHat\Podman\;C:\Program Files\Git\cmd;C:\ProgramData\chocolatey\lib\maven\apache-maven-3.9.8\bin;C:\Program Files\OpenJDK\jdk-22.0.2\bin;C:\Windows\system32\config\systemprofile\AppData\Local\Microsoft\WindowsApps;C:\Users\tvatt\AppData\Local\Programs\Lens\resources\cli\bin;C:\Users\tvatt\.jetbrains\kubectl;;."/>
    <property name="java.vm.info" value="mixed mode, sharing"/>
    <property name="stderr.encoding" value="Cp1252"/>
    <property name="java.vendor" value="Oracle Corporation"/>
    <property name="java.vm.version" value="21.0.2+13-58"/>
    <property name="sun.io.unicode.encoding" value="UnicodeLittle"/>
    <property name="java.class.version" value="65.0"/>
  </properties>
  <testcase name="getKeywords_withJpgFilesThatHaveKeywords_returnANonEmptyMap" classname="com.vattima.lego.imaging.service.flickr.ImageManagerImplTest" time="0.023">
    <system-out><![CDATA[22:22:36.214 [main] INFO com.vattima.lego.imaging.service.flickr.ImageManagerImplTest -- path=[D:\dev\projects\lego-collection\lego-imaging\target\test-classes\actual-lego-photos-with-keywords\DSC_0504.JPG], map=[{bc=e, ic=e, bl=6658-1, uuid=fdaa0638814727a42f005656f38b92c6, bo=true}]
22:22:36.215 [main] INFO com.vattima.lego.imaging.service.flickr.ImageManagerImplTest -- path=[D:\dev\projects\lego-collection\lego-imaging\target\test-classes\actual-lego-photos-with-keywords\DSC_0505.JPG], map=[{bc=e, ic=e, bl=6658-1, uuid=fdaa0638814727a42f005656f38b92c6, bo=true}]
22:22:36.216 [main] INFO com.vattima.lego.imaging.service.flickr.ImageManagerImplTest -- path=[D:\dev\projects\lego-collection\lego-imaging\target\test-classes\actual-lego-photos-with-keywords\DSC_0506.JPG], map=[{bc=e, ic=e, bl=6658-1, uuid=fdaa0638814727a42f005656f38b92c6, bo=true}]
22:22:36.217 [main] INFO com.vattima.lego.imaging.service.flickr.ImageManagerImplTest -- path=[D:\dev\projects\lego-collection\lego-imaging\target\test-classes\actual-lego-photos-with-keywords\DSC_0514.JPG], map=[{bi=e, ic=e, bl=6658-1, uuid=f81eb8d9ddc469b48dff9c45064be5eb, bo=true}]
22:22:36.218 [main] INFO com.vattima.lego.imaging.service.flickr.ImageManagerImplTest -- path=[D:\dev\projects\lego-collection\lego-imaging\target\test-classes\actual-lego-photos-with-keywords\DSC_0515.JPG], map=[{bi=e, ic=e, bl=6658-1, uuid=f81eb8d9ddc469b48dff9c45064be5eb, bo=true}]
22:22:36.219 [main] INFO com.vattima.lego.imaging.service.flickr.ImageManagerImplTest -- path=[D:\dev\projects\lego-collection\lego-imaging\target\test-classes\actual-lego-photos-with-keywords\DSC_0516.JPG], map=[{bi=e, ic=e, bl=6658-1, uuid=f81eb8d9ddc469b48dff9c45064be5eb, bo=true}]
22:22:36.220 [main] INFO com.vattima.lego.imaging.service.flickr.ImageManagerImplTest -- path=[D:\dev\projects\lego-collection\lego-imaging\target\test-classes\actual-lego-photos-with-keywords\DSC_0523.JPG], map=[{bc=e, ic=e, bl=6655-1, uuid=b92f036c0b8f8543cd911315415644df, bo=true}]
22:22:36.221 [main] INFO com.vattima.lego.imaging.service.flickr.ImageManagerImplTest -- path=[D:\dev\projects\lego-collection\lego-imaging\target\test-classes\actual-lego-photos-with-keywords\DSC_0524.JPG], map=[{bc=e, ic=e, bl=6655-1, uuid=b92f036c0b8f8543cd911315415644df, bo=true}]
22:22:36.222 [main] INFO com.vattima.lego.imaging.service.flickr.ImageManagerImplTest -- path=[D:\dev\projects\lego-collection\lego-imaging\target\test-classes\actual-lego-photos-with-keywords\DSC_0525.JPG], map=[{bc=e, ic=e, bl=6655-1, uuid=b92f036c0b8f8543cd911315415644df, bo=true}]
22:22:36.223 [main] INFO com.vattima.lego.imaging.service.flickr.ImageManagerImplTest -- path=[D:\dev\projects\lego-collection\lego-imaging\target\test-classes\actual-lego-photos-with-keywords\DSC_0570.JPG], map=[{bc=e, ic=e, bl=6654-1, uuid=730049b51b107106ad17982f91f764be, bo=true}]
22:22:36.224 [main] INFO com.vattima.lego.imaging.service.flickr.ImageManagerImplTest -- path=[D:\dev\projects\lego-collection\lego-imaging\target\test-classes\actual-lego-photos-with-keywords\DSC_0571.JPG], map=[{bc=e, ic=e, bl=6654-1, uuid=730049b51b107106ad17982f91f764be, bo=true}]
22:22:36.225 [main] INFO com.vattima.lego.imaging.service.flickr.ImageManagerImplTest -- path=[D:\dev\projects\lego-collection\lego-imaging\target\test-classes\actual-lego-photos-with-keywords\DSC_0572.JPG], map=[{bc=e, ic=e, bl=6654-1, uuid=730049b51b107106ad17982f91f764be, bo=true}]
22:22:36.226 [main] INFO com.vattima.lego.imaging.service.flickr.ImageManagerImplTest -- path=[D:\dev\projects\lego-collection\lego-imaging\target\test-classes\actual-lego-photos-with-keywords\DSC_0573.JPG], map=[{bc=e, ic=e, bl=6654-1, uuid=730049b51b107106ad17982f91f764be, bo=true}]
22:22:36.227 [main] INFO com.vattima.lego.imaging.service.flickr.ImageManagerImplTest -- path=[D:\dev\projects\lego-collection\lego-imaging\target\test-classes\actual-lego-photos-with-keywords\DSC_0574.JPG], map=[{bc=e, ic=e, bl=6654-1, uuid=730049b51b107106ad17982f91f764be, bo=true}]
22:22:36.228 [main] INFO com.vattima.lego.imaging.service.flickr.ImageManagerImplTest -- path=[D:\dev\projects\lego-collection\lego-imaging\target\test-classes\actual-lego-photos-with-keywords\DSC_0576.JPG], map=[{6651-1=6651-1}]
22:22:36.228 [main] INFO com.vattima.lego.imaging.service.flickr.ImageManagerImplTest -- path=[D:\dev\projects\lego-collection\lego-imaging\target\test-classes\actual-lego-photos-with-keywords\DSC_0577.JPG], map=[{646-1=646-1}]
22:22:36.229 [main] INFO com.vattima.lego.imaging.service.flickr.ImageManagerImplTest -- path=[D:\dev\projects\lego-collection\lego-imaging\target\test-classes\actual-lego-photos-with-keywords\DSC_0578.JPG], map=[{646-1=646-1}]
22:22:36.230 [main] INFO com.vattima.lego.imaging.service.flickr.ImageManagerImplTest -- path=[D:\dev\projects\lego-collection\lego-imaging\target\test-classes\actual-lego-photos-with-keywords\DSC_0580.JPG], map=[{646-1=646-1}]
22:22:36.231 [main] INFO com.vattima.lego.imaging.service.flickr.ImageManagerImplTest -- path=[D:\dev\projects\lego-collection\lego-imaging\target\test-classes\actual-lego-photos-with-keywords\DSC_0583.JPG], map=[{540-2=540-2, Duplicate=Duplicate}]
22:22:36.231 [main] INFO com.vattima.lego.imaging.service.flickr.ImageManagerImplTest -- path=[D:\dev\projects\lego-collection\lego-imaging\target\test-classes\actual-lego-photos-with-keywords\DSC_0584.JPG], map=[{540-2=540-2, Duplicate=Duplicate}]
22:22:36.232 [main] INFO com.vattima.lego.imaging.service.flickr.ImageManagerImplTest -- path=[D:\dev\projects\lego-collection\lego-imaging\target\test-classes\actual-lego-photos-with-keywords\DSC_0585.JPG], map=[{540-2=540-2, Duplicate=Duplicate}]
]]></system-out>
  </testcase>
  <testcase name="getKeywords_withMultiWordKeyword_doesntSplitKeyword" classname="com.vattima.lego.imaging.service.flickr.ImageManagerImplTest" time="0.001">
    <system-out><![CDATA[22:22:36.234 [main] INFO com.vattima.lego.imaging.service.flickr.ImageManagerImplTest -- path=[D:\dev\projects\lego-collection\lego-imaging\target\test-classes\lego-photo-multi-word-keyword\IMG_20191016_214600.JPG], map=[{bc=e, rmk1=These-are-the-multi-word-remarks-that-could-be-any-words-th, sealed=false, rmk2=at-describe-certain-aspects-of-the-lego-set., ic=e, bl=9999-1, uuid=017237849187239123, bo=false, primary=primary}]
]]></system-out>
  </testcase>
  <testcase name="getKeywords_withJpgFileThatHasKeywords" classname="com.vattima.lego.imaging.service.flickr.ImageManagerImplTest" time="0.001"/>
  <testcase name="metaDataExtractor_extracts" classname="com.vattima.lego.imaging.service.flickr.ImageManagerImplTest" time="0.001">
    <system-out><![CDATA[22:22:36.238 [main] INFO com.vattima.lego.imaging.service.flickr.ImageManagerImplTest -- map = [{bc=e, sealed=false, ic=e, bl=60002-1, cp=This is the caption!, uuid=74e82e44df50d8144bb1a4f382de5b0f, bo=false}]
]]></system-out>
  </testcase>
  <testcase name="getKeywords_withJpgFileThatHasNoKeywords_returnsEmptyMap" classname="com.vattima.lego.imaging.service.flickr.ImageManagerImplTest" time="0.001"/>
  <testcase name="getMetadata_withCopyrightTitleCaption" classname="com.vattima.lego.imaging.service.flickr.ImageManagerImplTest" time="0.001"/>
</testsuite>